# JRE version: OpenJDK Runtime Environment Temurin-21.0.4+7 (21.0.4+7) (build 21.0.4+7-LTS)
# Java VM: OpenJDK 64-Bit Server VM Temurin-21.0.4+7 (21.0.4+7-LTS, mixed mode, tiered, compressed oops, compressed class ptrs, g1 gc, bsd-aarch64)
Heap:
 garbage-first heap   total 131072K, used 14055K [0x0000000780000000, 0x0000000800000000)
  region size 1024K, 10 young (10240K), 3 survivors (3072K)
 Metaspace       used 16401K, committed 16576K, reserved 1114112K
  class space    used 1526K, committed 1600K, reserved 1048576K
GC Heap History (18 events):
Event: 47.843 GC heap before
{Heap before GC invocations=0 (full 0):
 garbage-first heap   total 131072K, used 29696K [0x0000000780000000, 0x0000000800000000)
  region size 1024K, 23 young (23552K), 0 survivors (0K)
 Metaspace       used 16381K, committed 16576K, reserved 1114112K
  class space    used 1526K, committed 1600K, reserved 1048576K
}
Event: 47.850 GC heap after
{Heap after GC invocations=1 (full 0):
 garbage-first heap   total 131072K, used 8488K [0x0000000780000000, 0x0000000800000000)
  region size 1024K, 3 young (3072K), 3 survivors (3072K)
 Metaspace       used 16381K, committed 16576K, reserved 1114112K
  class space    used 1526K, committed 1600K, reserved 1048576K
}
Event: 194.830 GC heap before
{Heap before GC invocations=1 (full 0):
 garbage-first heap   total 131072K, used 45352K [0x0000000780000000, 0x0000000800000000)
  region size 1024K, 38 young (38912K), 3 survivors (3072K)
 Metaspace       used 16394K, committed 16576K, reserved 1114112K
  class space    used 1526K, committed 1600K, reserved 1048576K
}
Event: 194.835 GC heap after
{Heap after GC invocations=2 (full 0):
 garbage-first heap   total 131072K, used 6641K [0x0000000780000000, 0x0000000800000000)
  region size 1024K, 3 young (3072K), 3 survivors (3072K)
 Metaspace       used 16394K, committed 16576K, reserved 1114112K
  class space    used 1526K, committed 1600K, reserved 1048576K
}
Event: 513.298 GC heap before
{Heap before GC invocations=2 (full 0):
 garbage-first heap   total 131072K, used 82417K [0x0000000780000000, 0x0000000800000000)
  region size 1024K, 76 young (77824K), 3 survivors (3072K)
 Metaspace       used 16397K, committed 16576K, reserved 1114112K
  class space    used 1526K, committed 1600K, reserved 1048576K
}
Event: 513.304 GC heap after
{Heap after GC invocations=3 (full 0):
 garbage-first heap   total 131072K, used 6421K [0x0000000780000000, 0x0000000800000000)
  region size 1024K, 3 young (3072K), 3 survivors (3072K)
 Metaspace       used 16397K, committed 16576K, reserved 1114112K
  class space    used 1526K, committed 1600K, reserved 1048576K
}
Event: 831.391 GC heap before
{Heap before GC invocations=3 (full 0):
 garbage-first heap   total 131072K, used 82197K [0x0000000780000000, 0x0000000800000000)
  region size 1024K, 76 young (77824K), 3 survivors (3072K)
 Metaspace       used 16397K, committed 16576K, reserved 1114112K
  class space    used 1526K, committed 1600K, reserved 1048576K
}
Event: 831.398 GC heap after
{Heap after GC invocations=4 (full 0):
 garbage-first heap   total 131072K, used 6504K [0x0000000780000000, 0x0000000800000000)
  region size 1024K, 3 young (3072K), 3 survivors (3072K)
 Metaspace       used 16397K, committed 16576K, reserved 1114112K
  class space    used 1526K, committed 1600K, reserved 1048576K
}
Event: 1150.234 GC heap before
{Heap before GC invocations=4 (full 0):
 garbage-first heap   total 131072K, used 82280K [0x0000000780000000, 0x0000000800000000)
  region size 1024K, 76 young (77824K), 3 survivors (3072K)
 Metaspace       used 16401K, committed 16576K, reserved 1114112K
  class space    used 1526K, committed 1600K, reserved 1048576K
}
Event: 1150.240 GC heap after
{Heap after GC invocations=5 (full 0):
 garbage-first heap   total 131072K, used 6423K [0x0000000780000000, 0x0000000800000000)
  region size 1024K, 3 young (3072K), 3 survivors (3072K)
 Metaspace       used 16401K, committed 16576K, reserved 1114112K
  class space    used 1526K, committed 1600K, reserved 1048576K
}
Event: 1473.906 GC heap before
{Heap before GC invocations=5 (full 0):
 garbage-first heap   total 131072K, used 82199K [0x0000000780000000, 0x0000000800000000)
  region size 1024K, 76 young (77824K), 3 survivors (3072K)
 Metaspace       used 16401K, committed 16576K, reserved 1114112K
  class space    used 1526K, committed 1600K, reserved 1048576K
}
Event: 1473.917 GC heap after
{Heap after GC invocations=6 (full 0):
 garbage-first heap   total 131072K, used 6458K [0x0000000780000000, 0x0000000800000000)
  region size 1024K, 3 young (3072K), 3 survivors (3072K)
 Metaspace       used 16401K, committed 16576K, reserved 1114112K
  class space    used 1526K, committed 1600K, reserved 1048576K
}
Event: 1798.654 GC heap before
{Heap before GC invocations=6 (full 0):
 garbage-first heap   total 131072K, used 82234K [0x0000000780000000, 0x0000000800000000)
  region size 1024K, 76 young (77824K), 3 survivors (3072K)
 Metaspace       used 16401K, committed 16576K, reserved 1114112K
  class space    used 1526K, committed 1600K, reserved 1048576K
}
Event: 1798.663 GC heap after
{Heap after GC invocations=7 (full 0):
 garbage-first heap   total 131072K, used 6545K [0x0000000780000000, 0x0000000800000000)
  region size 1024K, 3 young (3072K), 3 survivors (3072K)
 Metaspace       used 16401K, committed 16576K, reserved 1114112K
  class space    used 1526K, committed 1600K, reserved 1048576K
}
Event: 2120.622 GC heap before
{Heap before GC invocations=7 (full 0):
 garbage-first heap   total 131072K, used 82321K [0x0000000780000000, 0x0000000800000000)
  region size 1024K, 76 young (77824K), 3 survivors (3072K)
 Metaspace       used 16401K, committed 16576K, reserved 1114112K
  class space    used 1526K, committed 1600K, reserved 1048576K
}
Event: 2120.629 GC heap after
{Heap after GC invocations=8 (full 0):
 garbage-first heap   total 131072K, used 6655K [0x0000000780000000, 0x0000000800000000)
  region size 1024K, 3 young (3072K), 3 survivors (3072K)
 Metaspace       used 16401K, committed 16576K, reserved 1114112K
  class space    used 1526K, committed 1600K, reserved 1048576K
}
Event: 2443.750 GC heap before
{Heap before GC invocations=8 (full 0):
 garbage-first heap   total 131072K, used 82431K [0x0000000780000000, 0x0000000800000000)
  region size 1024K, 76 young (77824K), 3 survivors (3072K)
 Metaspace       used 16401K, committed 16576K, reserved 1114112K
  class space    used 1526K, committed 1600K, reserved 1048576K
}
Event: 2443.759 GC heap after
{Heap after GC invocations=9 (full 0):
 garbage-first heap   total 131072K, used 6373K [0x0000000780000000, 0x0000000800000000)
  region size 1024K, 3 young (3072K), 3 survivors (3072K)
 Metaspace       used 16401K, committed 16576K, reserved 1114112K
  class space    used 1526K, committed 1600K, reserved 1048576K
}

